Determining if the pthread_create exist failed with the following output:
Change Dir: /home/fadri/cpp/osm/CppND-Route-Planning-Project/build/CMakeFiles/CMakeTmp

Run Build Command:"/usr/bin/make" "cmTC_d6fd3/fast"
/usr/bin/make -f CMakeFiles/cmTC_d6fd3.dir/build.make CMakeFiles/cmTC_d6fd3.dir/build
make[1]: Entering directory '/home/fadri/cpp/osm/CppND-Route-Planning-Project/build/CMakeFiles/CMakeTmp'
Building C object CMakeFiles/cmTC_d6fd3.dir/CheckSymbolExists.c.o
/usr/bin/cc    -o CMakeFiles/cmTC_d6fd3.dir/CheckSymbolExists.c.o   -c /home/fadri/cpp/osm/CppND-Route-Planning-Project/build/CMakeFiles/CMakeTmp/CheckSymbolExists.c
Linking C executable cmTC_d6fd3
/usr/local/bin/cmake -E cmake_link_script CMakeFiles/cmTC_d6fd3.dir/link.txt --verbose=1
/usr/bin/cc      -rdynamic CMakeFiles/cmTC_d6fd3.dir/CheckSymbolExists.c.o  -o cmTC_d6fd3 
/usr/bin/ld: CMakeFiles/cmTC_d6fd3.dir/CheckSymbolExists.c.o: in function `main':
CheckSymbolExists.c:(.text+0x1f): undefined reference to `pthread_create'
collect2: error: ld returned 1 exit status
make[1]: *** [CMakeFiles/cmTC_d6fd3.dir/build.make:87: cmTC_d6fd3] Error 1
make[1]: Leaving directory '/home/fadri/cpp/osm/CppND-Route-Planning-Project/build/CMakeFiles/CMakeTmp'
make: *** [Makefile:121: cmTC_d6fd3/fast] Error 2

File /home/fadri/cpp/osm/CppND-Route-Planning-Project/build/CMakeFiles/CMakeTmp/CheckSymbolExists.c:
/* */
#include <pthread.h>

int main(int argc, char** argv)
{
  (void)argv;
#ifndef pthread_create
  return ((int*)(&pthread_create))[argc];
#else
  (void)argc;
  return 0;
#endif
}

Determining if the function pthread_create exists in the pthreads failed with the following output:
Change Dir: /home/fadri/cpp/osm/CppND-Route-Planning-Project/build/CMakeFiles/CMakeTmp

Run Build Command:"/usr/bin/make" "cmTC_67a6b/fast"
/usr/bin/make -f CMakeFiles/cmTC_67a6b.dir/build.make CMakeFiles/cmTC_67a6b.dir/build
make[1]: Entering directory '/home/fadri/cpp/osm/CppND-Route-Planning-Project/build/CMakeFiles/CMakeTmp'
Building C object CMakeFiles/cmTC_67a6b.dir/CheckFunctionExists.c.o
/usr/bin/cc   -DCHECK_FUNCTION_EXISTS=pthread_create   -o CMakeFiles/cmTC_67a6b.dir/CheckFunctionExists.c.o   -c /usr/local/share/cmake-3.13/Modules/CheckFunctionExists.c
Linking C executable cmTC_67a6b
/usr/local/bin/cmake -E cmake_link_script CMakeFiles/cmTC_67a6b.dir/link.txt --verbose=1
/usr/bin/cc  -DCHECK_FUNCTION_EXISTS=pthread_create    -rdynamic CMakeFiles/cmTC_67a6b.dir/CheckFunctionExists.c.o  -o cmTC_67a6b -lpthreads 
/usr/bin/ld: cannot find -lpthreads
collect2: error: ld returned 1 exit status
make[1]: *** [CMakeFiles/cmTC_67a6b.dir/build.make:87: cmTC_67a6b] Error 1
make[1]: Leaving directory '/home/fadri/cpp/osm/CppND-Route-Planning-Project/build/CMakeFiles/CMakeTmp'
make: *** [Makefile:121: cmTC_67a6b/fast] Error 2


